\BOOKMARK [1][-]{section*.1}{\376\377\000A\000d\000r\000i\000a\000n\000\040\000M\000e\000j\000i\000a}{}% 1
\BOOKMARK [1][-]{section*.2}{\376\377\000C\000r\000e\000a\000t\000i\000n\000g\000\040\000R\000E\000S\000T\000f\000u\000l\000\040\000A\000P\000I\000s\000\040\000w\000i\000t\000h\000\040\000N\000o\000d\000e\000J\000S\000\040\000a\000n\000d\000\040\000M\000o\000n\000g\000o\000D\000B\000\040\000T\000u\000t\000o\000r\000i\000a\000l\000\040\000\050\000P\000a\000r\000t\000\040\000I\000I\000\051}{}% 2
\BOOKMARK [1][-]{section*.3}{\376\377\000W\000h\000a\000t\000\040\000i\000s\000\040\000a\000\040\000R\000E\000S\000T\000f\000u\000l\000\040\000A\000P\000I\000?}{}% 3
\BOOKMARK [1][-]{section*.4}{\376\377\000I\000n\000s\000t\000a\000l\000l\000i\000n\000g\000\040\000t\000h\000e\000\040\000M\000E\000A\000N\000\040\000S\000t\000a\000c\000k\000\040\000B\000a\000c\000k\000e\000n\000d}{}% 4
\BOOKMARK [2][-]{section*.5}{\376\377\000I\000n\000s\000t\000a\000l\000l\000i\000n\000g\000\040\000M\000o\000n\000g\000o\000D\000B}{section*.4}% 5
\BOOKMARK [2][-]{section*.6}{\376\377\000I\000n\000s\000t\000a\000l\000l\000i\000n\000g\000\040\000N\000o\000d\000e\000J\000S}{section*.4}% 6
\BOOKMARK [2][-]{section*.7}{\376\377\000I\000n\000s\000t\000a\000l\000l\000i\000n\000g\000\040\000E\000x\000p\000r\000e\000s\000s\000J\000S}{section*.4}% 7
\BOOKMARK [1][-]{section*.8}{\376\377\000U\000s\000i\000n\000g\000\040\000M\000o\000n\000g\000o\000D\000B\000\040\000w\000i\000t\000h\000\040\000M\000o\000n\000g\000o\000o\000s\000e}{}% 8
\BOOKMARK [2][-]{section*.9}{\376\377\000M\000o\000n\000g\000o\000o\000s\000e\000\040\000C\000R\000U\000D}{section*.8}% 9
\BOOKMARK [2][-]{section*.10}{\376\377\000M\000o\000n\000g\000o\000o\000s\000e\000\040\000C\000r\000e\000a\000t\000e}{section*.8}% 10
\BOOKMARK [2][-]{section*.11}{\376\377\000M\000o\000n\000g\000o\000o\000s\000e\000\040\000R\000e\000a\000d\000\040\000a\000n\000d\000\040\000Q\000u\000e\000r\000y}{section*.8}% 11
\BOOKMARK [2][-]{section*.12}{\376\377\000M\000o\000n\000g\000o\000o\000s\000e\000\040\000U\000p\000d\000a\000t\000e}{section*.8}% 12
\BOOKMARK [2][-]{section*.13}{\376\377\000M\000o\000n\000g\000o\000o\000s\000e\000\040\000D\000e\000l\000e\000t\000e}{section*.8}% 13
\BOOKMARK [1][-]{section*.14}{\376\377\000E\000x\000p\000r\000e\000s\000s\000J\000S\000\040\000a\000n\000d\000\040\000M\000i\000d\000d\000l\000e\000w\000a\000r\000e\000s}{}% 14
\BOOKMARK [2][-]{section*.15}{\376\377\000D\000e\000f\000a\000u\000l\000t\000\040\000E\000x\000p\000r\000e\000s\000s\000\040\0004\000.\0000\000\040\000m\000i\000d\000d\000l\000e\000w\000a\000r\000e\000s}{section*.14}% 15
\BOOKMARK [2][-]{section*.16}{\376\377\000O\000t\000h\000e\000r\000\040\000E\000x\000p\000r\000e\000s\000s\000J\000S\000\040\000M\000i\000d\000d\000l\000e\000w\000a\000r\000e\000s}{section*.14}% 16
\BOOKMARK [1][-]{section*.17}{\376\377\000W\000i\000r\000i\000n\000g\000\040\000u\000p\000\040\000t\000h\000e\000\040\000M\000E\000A\000N\000\040\000S\000t\000a\000c\000k}{}% 17
\BOOKMARK [2][-]{section*.18}{\376\377\000B\000o\000o\000t\000s\000t\000r\000a\000p\000p\000i\000n\000g\000\040\000E\000x\000p\000r\000e\000s\000s\000J\000S}{section*.17}% 18
\BOOKMARK [2][-]{section*.19}{\376\377\000C\000o\000n\000n\000e\000c\000t\000\040\000E\000x\000p\000r\000e\000s\000s\000J\000S\000\040\000t\000o\000\040\000M\000o\000n\000g\000o\000D\000B}{section*.17}% 19
\BOOKMARK [2][-]{section*.20}{\376\377\000C\000r\000e\000a\000t\000i\000n\000g\000\040\000t\000h\000e\000\040\000T\000o\000d\000o\000\040\000m\000o\000d\000e\000l\000\040\000w\000i\000t\000h\000\040\000M\000o\000n\000g\000o\000o\000s\000e}{section*.17}% 20
\BOOKMARK [1][-]{section*.21}{\376\377\000A\000P\000I\000\040\000c\000l\000i\000e\000n\000t\000s\000\040\000\050\000B\000r\000o\000w\000s\000e\000r\000,\000\040\000P\000o\000s\000t\000m\000a\000n\000\040\000a\000n\000d\000\040\000c\000u\000r\000l\000\051}{}% 21
\BOOKMARK [2][-]{section*.22}{\376\377\000C\000u\000r\000l}{section*.21}% 22
\BOOKMARK [2][-]{section*.23}{\376\377\000B\000r\000o\000w\000s\000e\000r\000\040\000a\000n\000d\000\040\000P\000o\000s\000t\000m\000a\000n}{section*.21}% 23
\BOOKMARK [2][-]{section*.24}{\376\377\000W\000e\000b\000s\000i\000t\000e\000s\000\040\000a\000n\000d\000\040\000M\000o\000b\000i\000l\000e\000\040\000A\000p\000p\000s}{section*.21}% 24
\BOOKMARK [1][-]{section*.25}{\376\377\000E\000x\000p\000r\000e\000s\000s\000J\000S\000\040\000R\000o\000u\000t\000e\000s}{}% 25
\BOOKMARK [2][-]{section*.26}{\376\377\000L\000i\000s\000t\000:\000\040\000G\000E\000T\000\040\000/\000t\000o\000d\000o\000s}{section*.25}% 26
\BOOKMARK [2][-]{section*.27}{\376\377\000C\000r\000e\000a\000t\000e\000:\000\040\000P\000O\000S\000T\000\040\000/\000t\000o\000d\000o\000s}{section*.25}% 27
\BOOKMARK [2][-]{section*.28}{\376\377\000S\000h\000o\000w\000:\000\040\000G\000E\000T\000\040\000/\000t\000o\000d\000o\000s\000/\000:\000i\000d}{section*.25}% 28
\BOOKMARK [2][-]{section*.29}{\376\377\000U\000p\000d\000a\000t\000e\000:\000\040\000P\000U\000T\000\040\000/\000t\000o\000d\000o\000s\000/\000:\000i\000d}{section*.25}% 29
\BOOKMARK [2][-]{section*.30}{\376\377\000D\000e\000s\000t\000r\000o\000y\000:\000\040\000D\000E\000L\000E\000T\000E\000\040\000/\000t\000o\000d\000o\000s\000/\000:\000i\000d}{section*.25}% 30
\BOOKMARK [1][-]{section*.31}{\376\377\000W\000h\000a\000t\000'\000s\000\040\000n\000e\000x\000t\000?}{}% 31
\BOOKMARK [1][-]{section*.32}{\376\377\000T\000u\000t\000o\000r\000i\000a\000l\000\040\000M\000E\000A\000N\000\040\000S\000t\000a\000c\000k\000\040\000S\000e\000r\000i\000e\000s}{}% 32
\BOOKMARK [2][-]{section*.33}{\376\377\000A\000n\000g\000u\000l\000a\000r\000J\000S\000\040\000t\000u\000t\000o\000r\000i\000a\000l\000\040\000f\000o\000r\000\040\000b\000e\000g\000i\000n\000n\000e\000r\000s\000\040\000w\000i\000t\000h\000\040\000N\000o\000d\000e\000J\000S\000\040\000E\000x\000p\000r\000e\000s\000s\000J\000S\000\040\000a\000n\000d\000\040\000M\000o\000n\000g\000o\000D\000B\000\040\000\050\000P\000a\000r\000t\000\040\000I\000\051}{section*.32}% 33
\BOOKMARK [3][-]{section*.34}{\376\377\000C\000r\000e\000a\000t\000i\000n\000g\000\040\000R\000E\000S\000T\000f\000u\000l\000\040\000A\000P\000I\000s\000\040\000w\000i\000t\000h\000\040\000N\000o\000d\000e\000J\000S\000\040\000a\000n\000d\000\040\000M\000o\000n\000g\000o\000D\000B\000\040\000T\000u\000t\000o\000r\000i\000a\000l\000\040\000\050\000P\000a\000r\000t\000\040\000I\000I\000\051}{section*.33}% 34
\BOOKMARK [3][-]{section*.35}{\376\377\000M\000E\000A\000N\000\040\000S\000t\000a\000c\000k\000\040\000T\000u\000t\000o\000r\000i\000a\000l\000\040\000M\000o\000n\000g\000o\000D\000B\000\040\000E\000x\000p\000r\000e\000s\000s\000J\000S\000\040\000A\000n\000g\000u\000l\000a\000r\000J\000S\000\040\000N\000o\000d\000e\000J\000S\000\040\000\050\000P\000a\000r\000t\000\040\000I\000I\000I\000\051}{section*.33}% 35
\BOOKMARK [3][-]{section*.36}{\376\377\000C\000o\000n\000t\000e\000n\000t\000s}{section*.33}% 36
